Using pre-set license
Built from '2020.3/staging' branch; Version is '2020.3.0f1 (c7b5465681fb) revision 13088070'; Using compiler version '192528614'; Build Type 'Release'
OS: 'Windows 10 Home; OS build 19042.928; Version 2009; 64bit' Language: 'en' Physical Memory: 24514 MB
BatchMode: 1, IsHumanControllingUs: 0, StartBugReporterOnCrash: 0, Is64bit: 1, IsPro: 0

 COMMAND LINE ARGUMENTS:
C:\Program Files\Unity\2020.3.0f1\Editor\Unity.exe
-adb2
-batchMode
-noUpm
-name
AssetImportWorker0
-projectPath
R:/Dev/Unity/Projects/MinecraftBreaker
-logFile
Logs/AssetImportWorker0.log
-srvPort
50267
Successfully changed project path to: R:/Dev/Unity/Projects/MinecraftBreaker
R:/Dev/Unity/Projects/MinecraftBreaker
Using Asset Import Pipeline V2.
Refreshing native plugins compatible for Editor in 39.80 ms, found 1 plugins.
Preloading 0 native plugins for Editor in 0.00 ms.
Initialize engine version: 2020.3.0f1 (c7b5465681fb)
[Subsystems] Discovering subsystems at path C:/Program Files/Unity/2020.3.0f1/Editor/Data/Resources/UnitySubsystems
[Subsystems] Discovering subsystems at path R:/Dev/Unity/Projects/MinecraftBreaker/Assets
GfxDevice: creating device client; threaded=0
Direct3D:
    Version:  Direct3D 11.0 [level 11.1]
    Renderer: NVIDIA GeForce GTX 980 (ID=0x13c0)
    Vendor:   
    VRAM:     4053 MB
    Driver:   27.21.14.6589
Initialize mono
Mono path[0] = 'C:/Program Files/Unity/2020.3.0f1/Editor/Data/Managed'
Mono path[1] = 'C:/Program Files/Unity/2020.3.0f1/Editor/Data/MonoBleedingEdge/lib/mono/unityjit'
Mono config path = 'C:/Program Files/Unity/2020.3.0f1/Editor/Data/MonoBleedingEdge/etc'
Using monoOptions --debugger-agent=transport=dt_socket,embedding=1,server=y,suspend=n,address=127.0.0.1:56816
Begin MonoManager ReloadAssembly
Registering precompiled unity dll's ...
Register platform support module: C:/Program Files/Unity/2020.3.0f1/Editor/Data/PlaybackEngines/WebGLSupport/UnityEditor.WebGL.Extensions.dll
Register platform support module: C:/Program Files/Unity/2020.3.0f1/Editor/Data/PlaybackEngines/WindowsStandaloneSupport/UnityEditor.WindowsStandalone.Extensions.dll
Registered in 0.003591 seconds.
Native extension for WindowsStandalone target not found
Native extension for WebGL target not found
Refreshing native plugins compatible for Editor in 30.75 ms, found 1 plugins.
Preloading 0 native plugins for Editor in 0.00 ms.
Invoked RoslynAnalysisRunner static constructor.
RoslynAnalysisRunner will not be running.
RoslynAnalysisRunner has terminated.
Mono: successfully reloaded assembly
- Completed reload, in  1.443 seconds
Platform modules already initialized, skipping
Registering precompiled user dll's ...
Registered in 0.000969 seconds.
Begin MonoManager ReloadAssembly
Native extension for WindowsStandalone target not found
Native extension for WebGL target not found
Refreshing native plugins compatible for Editor in 28.78 ms, found 1 plugins.
Preloading 0 native plugins for Editor in 0.00 ms.
Invoked RoslynAnalysisRunner static constructor.
RoslynAnalysisRunner will not be running.
RoslynAnalysisRunner has terminated.
Mono: successfully reloaded assembly
- Completed reload, in  0.900 seconds
Platform modules already initialized, skipping
========================================================================
Worker process is ready to serve import requests
Launched and connected shader compiler UnityShaderCompiler.exe after 0.04 seconds
Refreshing native plugins compatible for Editor in 0.50 ms, found 1 plugins.
Preloading 0 native plugins for Editor in 0.00 ms.
Unloading 1814 Unused Serialized files (Serialized files now loaded: 0)
System memory in use before: 85.1 MB.
System memory in use after: 85.1 MB.

Unloading 24 unused Assets to reduce memory usage. Loaded Objects now: 2259.
Total: 1.711500 ms (FindLiveObjects: 0.169900 ms CreateObjectMapping: 0.055700 ms MarkObjects: 1.367200 ms  DeleteObjects: 0.117500 ms)

========================================================================
Received Import Request.
  path: Assets/Prefabs/Main Camera.prefab
  artifactKey: Guid(8f6d0d3a9fd1a91459c373078c4e1729) Importer(815301076,1909f56bfc062723c751e8b465ee728b)
Start importing Assets/Prefabs/Main Camera.prefab using Guid(8f6d0d3a9fd1a91459c373078c4e1729) Importer(815301076,1909f56bfc062723c751e8b465ee728b)  -> (artifact id: 'ef7cace5e9abd8ab18f61ca7bbc0242c') in 0.041315 seconds
  Import took 0.044052 seconds .

========================================================================
Received Import Request.
  Time since last request: 0.000365 seconds.
  path: Assets/Prefabs/WeakStoneBlock.prefab
  artifactKey: Guid(fe6b44b35cdcd5b479d73e3c637ba671) Importer(815301076,1909f56bfc062723c751e8b465ee728b)
Start importing Assets/Prefabs/WeakStoneBlock.prefab using Guid(fe6b44b35cdcd5b479d73e3c637ba671) Importer(815301076,1909f56bfc062723c751e8b465ee728b)  -> (artifact id: '8686c266ec922b05eab1617157ed0799') in 0.054606 seconds
  Import took 0.057228 seconds .

========================================================================
Received Import Request.
  Time since last request: 0.000355 seconds.
  path: Assets/Prefabs/GameState.prefab
  artifactKey: Guid(ebc3c5d6775cd8b4fa175bc3301795c7) Importer(815301076,1909f56bfc062723c751e8b465ee728b)
Start importing Assets/Prefabs/GameState.prefab using Guid(ebc3c5d6775cd8b4fa175bc3301795c7) Importer(815301076,1909f56bfc062723c751e8b465ee728b)  -> (artifact id: 'cb8eb4d82258d2df79e2751748e55956') in 0.004379 seconds
  Import took 0.007047 seconds .

========================================================================
Received Import Request.
  Time since last request: 0.000344 seconds.
  path: Assets/Prefabs/StrongerDiamondBlock.prefab
  artifactKey: Guid(0745d5bab81700442b8b61724116eaf8) Importer(815301076,1909f56bfc062723c751e8b465ee728b)
Start importing Assets/Prefabs/StrongerDiamondBlock.prefab using Guid(0745d5bab81700442b8b61724116eaf8) Importer(815301076,1909f56bfc062723c751e8b465ee728b)  -> (artifact id: '565fea659fb05f4186205bfe963508a7') in 0.010046 seconds
  Import took 0.013304 seconds .

========================================================================
Received Import Request.
  Time since last request: 0.000378 seconds.
  path: Assets/Prefabs/Ball.prefab
  artifactKey: Guid(c57a9484c67e8e04cbf6a4f42db388d3) Importer(815301076,1909f56bfc062723c751e8b465ee728b)
Start importing Assets/Prefabs/Ball.prefab using Guid(c57a9484c67e8e04cbf6a4f42db388d3) Importer(815301076,1909f56bfc062723c751e8b465ee728b)  -> (artifact id: 'e61fb8503308e12b818a7e3d690963bf') in 0.008627 seconds
  Import took 0.011477 seconds .

========================================================================
Received Import Request.
  Time since last request: 0.000355 seconds.
  path: Assets/Prefabs/SceneLoader.prefab
  artifactKey: Guid(93f269f65a266ea48ba93932656ee52d) Importer(815301076,1909f56bfc062723c751e8b465ee728b)
Start importing Assets/Prefabs/SceneLoader.prefab using Guid(93f269f65a266ea48ba93932656ee52d) Importer(815301076,1909f56bfc062723c751e8b465ee728b)  -> (artifact id: 'cab0217c17ce54129de0d37ac7a4eeba') in 0.005034 seconds
  Import took 0.007946 seconds .

========================================================================
Received Import Request.
  Time since last request: 0.000353 seconds.
  path: Assets/Prefabs/StrongGrassBlock.prefab
  artifactKey: Guid(6e17111d9df4e9e4f8741b37e497df5d) Importer(815301076,1909f56bfc062723c751e8b465ee728b)
Start importing Assets/Prefabs/StrongGrassBlock.prefab using Guid(6e17111d9df4e9e4f8741b37e497df5d) Importer(815301076,1909f56bfc062723c751e8b465ee728b)  -> (artifact id: 'f0da4804b378d4f9f6ab3a12586a7ac6') in 0.008534 seconds
  Import took 0.011040 seconds .

========================================================================
Received Import Request.
  Time since last request: 5.154128 seconds.
  path: Assets/Scripties/StatusScript.cs
  artifactKey: Guid(bb5adb84b803a1a428a364650ae2a0d8) Importer(815301076,1909f56bfc062723c751e8b465ee728b)
Start importing Assets/Scripties/StatusScript.cs using Guid(bb5adb84b803a1a428a364650ae2a0d8) Importer(815301076,1909f56bfc062723c751e8b465ee728b)  -> (artifact id: 'd6c7ba5f43e99f15d0662a6420d88a40') in 0.012426 seconds
  Import took 0.015233 seconds .

========================================================================
Received Import Request.
  Time since last request: 55.482795 seconds.
  path: Assets/Scripties/StatusScript.cs
  artifactKey: Guid(bb5adb84b803a1a428a364650ae2a0d8) Importer(815301076,1909f56bfc062723c751e8b465ee728b)
Start importing Assets/Scripties/StatusScript.cs using Guid(bb5adb84b803a1a428a364650ae2a0d8) Importer(815301076,1909f56bfc062723c751e8b465ee728b)  -> (artifact id: 'fd2d28608fe8e1829c81919d2ef87cc1') in 0.004460 seconds
  Import took 0.009339 seconds .

========================================================================
Received Import Request.
  Time since last request: 0.003181 seconds.
  path: Assets/Scripties/StatusScript.cs
  artifactKey: Guid(bb5adb84b803a1a428a364650ae2a0d8) Importer(815301076,1909f56bfc062723c751e8b465ee728b)
Start importing Assets/Scripties/StatusScript.cs using Guid(bb5adb84b803a1a428a364650ae2a0d8) Importer(815301076,1909f56bfc062723c751e8b465ee728b)  -> (artifact id: 'fd2d28608fe8e1829c81919d2ef87cc1') in 0.004131 seconds
  Import took 0.008360 seconds .

========================================================================
Received Prepare
Registering precompiled user dll's ...
Registered in 0.000952 seconds.
Begin MonoManager ReloadAssembly
Native extension for WindowsStandalone target not found
Native extension for WebGL target not found
Refreshing native plugins compatible for Editor in 0.32 ms, found 1 plugins.
Preloading 0 native plugins for Editor in 0.00 ms.
Invoked RoslynAnalysisRunner static constructor.
RoslynAnalysisRunner will not be running.
RoslynAnalysisRunner has terminated.
Mono: successfully reloaded assembly
- Completed reload, in  0.793 seconds
Platform modules already initialized, skipping
Refreshing native plugins compatible for Editor in 0.33 ms, found 1 plugins.
Preloading 0 native plugins for Editor in 0.00 ms.
Unloading 1809 Unused Serialized files (Serialized files now loaded: 0)
System memory in use before: 88.2 MB.
System memory in use after: 88.2 MB.

Unloading 12 unused Assets to reduce memory usage. Loaded Objects now: 2270.
Total: 1.677000 ms (FindLiveObjects: 0.145800 ms CreateObjectMapping: 0.053700 ms MarkObjects: 1.389000 ms  DeleteObjects: 0.088000 ms)

========================================================================
Received Import Request.
  Time since last request: 120.257690 seconds.
  path: Assets/Prefabs/GameState.prefab
  artifactKey: Guid(ebc3c5d6775cd8b4fa175bc3301795c7) Importer(815301076,1909f56bfc062723c751e8b465ee728b)
Start importing Assets/Prefabs/GameState.prefab using Guid(ebc3c5d6775cd8b4fa175bc3301795c7) Importer(815301076,1909f56bfc062723c751e8b465ee728b)  -> (artifact id: '70a89ed66092056d916874bbb8249923') in 0.020119 seconds
  Import took 0.023052 seconds .

========================================================================
Received Import Request.
  Time since last request: 4.901687 seconds.
  path: Assets/Prefabs/GameState.prefab
  artifactKey: Guid(ebc3c5d6775cd8b4fa175bc3301795c7) Importer(815301076,1909f56bfc062723c751e8b465ee728b)
Start importing Assets/Prefabs/GameState.prefab using Guid(ebc3c5d6775cd8b4fa175bc3301795c7) Importer(815301076,1909f56bfc062723c751e8b465ee728b)  -> (artifact id: '40ef35c2285bb1aa2b75f77a3dbe710a') in 0.017849 seconds
  Import took 0.021497 seconds .

========================================================================
Received Prepare
Registering precompiled user dll's ...
Registered in 0.001062 seconds.
Begin MonoManager ReloadAssembly
Native extension for WindowsStandalone target not found
Native extension for WebGL target not found
Refreshing native plugins compatible for Editor in 0.35 ms, found 1 plugins.
Preloading 0 native plugins for Editor in 0.00 ms.
Invoked RoslynAnalysisRunner static constructor.
RoslynAnalysisRunner will not be running.
RoslynAnalysisRunner has terminated.
Mono: successfully reloaded assembly
- Completed reload, in  0.829 seconds
Platform modules already initialized, skipping
Refreshing native plugins compatible for Editor in 0.36 ms, found 1 plugins.
Preloading 0 native plugins for Editor in 0.00 ms.
Unloading 1809 Unused Serialized files (Serialized files now loaded: 0)
System memory in use before: 88.2 MB.
System memory in use after: 88.2 MB.

Unloading 12 unused Assets to reduce memory usage. Loaded Objects now: 2274.
Total: 1.810700 ms (FindLiveObjects: 0.147900 ms CreateObjectMapping: 0.054900 ms MarkObjects: 1.516500 ms  DeleteObjects: 0.090700 ms)

========================================================================
Received Import Request.
  Time since last request: 428.364164 seconds.
  path: Assets/Scenes/Level 2.unity
  artifactKey: Guid(8f58050682e977a41ae619f6f94939ce) Importer(815301076,1909f56bfc062723c751e8b465ee728b)
Start importing Assets/Scenes/Level 2.unity using Guid(8f58050682e977a41ae619f6f94939ce) Importer(815301076,1909f56bfc062723c751e8b465ee728b)  -> (artifact id: '1b0ed81595ca0d2e4fe67d2b1bd11d13') in 0.022111 seconds
  Import took 0.025345 seconds .

========================================================================
Received Import Request.
  Time since last request: 6.784694 seconds.
  path: Assets/Scenes/Level 3.unity
  artifactKey: Guid(ce850c5ad353f4a4cb846fefbee25eee) Importer(815301076,1909f56bfc062723c751e8b465ee728b)
Start importing Assets/Scenes/Level 3.unity using Guid(ce850c5ad353f4a4cb846fefbee25eee) Importer(815301076,1909f56bfc062723c751e8b465ee728b)  -> (artifact id: '8e4d484b2066b9103bf581b86b56dbb6') in 0.005703 seconds
  Import took 0.009221 seconds .

========================================================================
Received Import Request.
  Time since last request: 32.816914 seconds.
  path: Assets/Prefabs/Canvas.prefab
  artifactKey: Guid(bc2404a6fc7ca3747949bbcdba60b987) Importer(815301076,1909f56bfc062723c751e8b465ee728b)
Start importing Assets/Prefabs/Canvas.prefab using Guid(bc2404a6fc7ca3747949bbcdba60b987) Importer(815301076,1909f56bfc062723c751e8b465ee728b)  -> (artifact id: 'e9870ffd094e8fe91a8f62736a4efb75') in 0.023039 seconds
  Import took 0.026431 seconds .

========================================================================
Received Import Request.
  Time since last request: 140.057530 seconds.
  path: ProjectSettings/TagManager.asset
  artifactKey: Guid(00000000000000003000000000000000) Importer(815301076,1909f56bfc062723c751e8b465ee728b)
Start importing ProjectSettings/TagManager.asset using Guid(00000000000000003000000000000000) Importer(815301076,1909f56bfc062723c751e8b465ee728b)  -> (artifact id: '779d5949113fa91bb85f64f090860d93') in 0.007344 seconds
  Import took 0.011750 seconds .

========================================================================
Received Prepare
Registering precompiled user dll's ...
Registered in 0.000940 seconds.
Begin MonoManager ReloadAssembly
Native extension for WindowsStandalone target not found
Native extension for WebGL target not found
Refreshing native plugins compatible for Editor in 0.33 ms, found 1 plugins.
Preloading 0 native plugins for Editor in 0.00 ms.
Invoked RoslynAnalysisRunner static constructor.
RoslynAnalysisRunner will not be running.
RoslynAnalysisRunner has terminated.
Mono: successfully reloaded assembly
- Completed reload, in  0.872 seconds
Platform modules already initialized, skipping
Refreshing native plugins compatible for Editor in 0.34 ms, found 1 plugins.
Preloading 0 native plugins for Editor in 0.00 ms.
Unloading 1809 Unused Serialized files (Serialized files now loaded: 0)
System memory in use before: 88.3 MB.
System memory in use after: 88.3 MB.

Unloading 13 unused Assets to reduce memory usage. Loaded Objects now: 2278.
Total: 2.126100 ms (FindLiveObjects: 0.225100 ms CreateObjectMapping: 0.134100 ms MarkObjects: 1.667600 ms  DeleteObjects: 0.098200 ms)

========================================================================
Received Prepare
Registering precompiled user dll's ...
Registered in 0.001069 seconds.
Begin MonoManager ReloadAssembly
Native extension for WindowsStandalone target not found
Native extension for WebGL target not found
Refreshing native plugins compatible for Editor in 0.55 ms, found 1 plugins.
Preloading 0 native plugins for Editor in 0.00 ms.
Invoked RoslynAnalysisRunner static constructor.
RoslynAnalysisRunner will not be running.
RoslynAnalysisRunner has terminated.
Mono: successfully reloaded assembly
- Completed reload, in  0.775 seconds
Platform modules already initialized, skipping
Refreshing native plugins compatible for Editor in 0.51 ms, found 1 plugins.
Preloading 0 native plugins for Editor in 0.00 ms.
Unloading 1809 Unused Serialized files (Serialized files now loaded: 0)
System memory in use before: 88.3 MB.
System memory in use after: 88.3 MB.

Unloading 12 unused Assets to reduce memory usage. Loaded Objects now: 2282.
Total: 1.964400 ms (FindLiveObjects: 0.151800 ms CreateObjectMapping: 0.053900 ms MarkObjects: 1.638800 ms  DeleteObjects: 0.118900 ms)

========================================================================
Received Prepare
Registering precompiled user dll's ...
Registered in 0.001060 seconds.
Begin MonoManager ReloadAssembly
Native extension for WindowsStandalone target not found
Native extension for WebGL target not found
Refreshing native plugins compatible for Editor in 0.38 ms, found 1 plugins.
Preloading 0 native plugins for Editor in 0.00 ms.
Invoked RoslynAnalysisRunner static constructor.
RoslynAnalysisRunner will not be running.
RoslynAnalysisRunner has terminated.
Mono: successfully reloaded assembly
- Completed reload, in  0.789 seconds
Platform modules already initialized, skipping
Refreshing native plugins compatible for Editor in 0.34 ms, found 1 plugins.
Preloading 0 native plugins for Editor in 0.00 ms.
Unloading 1809 Unused Serialized files (Serialized files now loaded: 0)
System memory in use before: 88.3 MB.
System memory in use after: 88.3 MB.

Unloading 12 unused Assets to reduce memory usage. Loaded Objects now: 2286.
Total: 2.074500 ms (FindLiveObjects: 0.204800 ms CreateObjectMapping: 0.123800 ms MarkObjects: 1.647000 ms  DeleteObjects: 0.098000 ms)

========================================================================
Received Prepare
Registering precompiled user dll's ...
Registered in 0.001060 seconds.
Begin MonoManager ReloadAssembly
Native extension for WindowsStandalone target not found
Native extension for WebGL target not found
Refreshing native plugins compatible for Editor in 0.35 ms, found 1 plugins.
Preloading 0 native plugins for Editor in 0.00 ms.
Invoked RoslynAnalysisRunner static constructor.
RoslynAnalysisRunner will not be running.
RoslynAnalysisRunner has terminated.
Mono: successfully reloaded assembly
- Completed reload, in  0.768 seconds
Platform modules already initialized, skipping
Refreshing native plugins compatible for Editor in 0.33 ms, found 1 plugins.
Preloading 0 native plugins for Editor in 0.00 ms.
Unloading 1809 Unused Serialized files (Serialized files now loaded: 0)
System memory in use before: 88.3 MB.
System memory in use after: 88.3 MB.

Unloading 12 unused Assets to reduce memory usage. Loaded Objects now: 2290.
Total: 1.637500 ms (FindLiveObjects: 0.163200 ms CreateObjectMapping: 0.055900 ms MarkObjects: 1.326600 ms  DeleteObjects: 0.090900 ms)

========================================================================
Received Prepare
Registering precompiled user dll's ...
Registered in 0.001217 seconds.
Begin MonoManager ReloadAssembly
Native extension for WindowsStandalone target not found
Native extension for WebGL target not found
Refreshing native plugins compatible for Editor in 0.33 ms, found 1 plugins.
Preloading 0 native plugins for Editor in 0.00 ms.
Invoked RoslynAnalysisRunner static constructor.
RoslynAnalysisRunner will not be running.
RoslynAnalysisRunner has terminated.
Mono: successfully reloaded assembly
- Completed reload, in  0.751 seconds
Platform modules already initialized, skipping
Refreshing native plugins compatible for Editor in 0.50 ms, found 1 plugins.
Preloading 0 native plugins for Editor in 0.00 ms.
Unloading 1809 Unused Serialized files (Serialized files now loaded: 0)
System memory in use before: 88.3 MB.
System memory in use after: 88.3 MB.

Unloading 12 unused Assets to reduce memory usage. Loaded Objects now: 2294.
Total: 2.016100 ms (FindLiveObjects: 0.204900 ms CreateObjectMapping: 0.115100 ms MarkObjects: 1.603600 ms  DeleteObjects: 0.091100 ms)

========================================================================
Received Prepare
Registering precompiled user dll's ...
Registered in 0.001084 seconds.
Begin MonoManager ReloadAssembly
Native extension for WindowsStandalone target not found
Native extension for WebGL target not found
Refreshing native plugins compatible for Editor in 0.33 ms, found 1 plugins.
Preloading 0 native plugins for Editor in 0.00 ms.
Invoked RoslynAnalysisRunner static constructor.
RoslynAnalysisRunner will not be running.
RoslynAnalysisRunner has terminated.
Mono: successfully reloaded assembly
- Completed reload, in  0.766 seconds
Platform modules already initialized, skipping
Refreshing native plugins compatible for Editor in 0.34 ms, found 1 plugins.
Preloading 0 native plugins for Editor in 0.00 ms.
Unloading 1809 Unused Serialized files (Serialized files now loaded: 0)
System memory in use before: 88.3 MB.
System memory in use after: 88.3 MB.

Unloading 12 unused Assets to reduce memory usage. Loaded Objects now: 2298.
Total: 2.391300 ms (FindLiveObjects: 0.222300 ms CreateObjectMapping: 0.135900 ms MarkObjects: 1.928500 ms  DeleteObjects: 0.103200 ms)

========================================================================
Received Prepare
Registering precompiled user dll's ...
Registered in 0.000967 seconds.
Begin MonoManager ReloadAssembly
Native extension for WindowsStandalone target not found
Native extension for WebGL target not found
Refreshing native plugins compatible for Editor in 0.33 ms, found 1 plugins.
Preloading 0 native plugins for Editor in 0.00 ms.
Invoked RoslynAnalysisRunner static constructor.
RoslynAnalysisRunner will not be running.
RoslynAnalysisRunner has terminated.
Mono: successfully reloaded assembly
- Completed reload, in  0.800 seconds
Platform modules already initialized, skipping
Refreshing native plugins compatible for Editor in 0.35 ms, found 1 plugins.
Preloading 0 native plugins for Editor in 0.00 ms.
Unloading 1809 Unused Serialized files (Serialized files now loaded: 0)
System memory in use before: 88.4 MB.
System memory in use after: 88.3 MB.

Unloading 12 unused Assets to reduce memory usage. Loaded Objects now: 2302.
Total: 2.331800 ms (FindLiveObjects: 0.195200 ms CreateObjectMapping: 0.125900 ms MarkObjects: 1.901300 ms  DeleteObjects: 0.108500 ms)

========================================================================
Received Prepare
Registering precompiled user dll's ...
Registered in 0.001023 seconds.
Begin MonoManager ReloadAssembly
Native extension for WindowsStandalone target not found
Native extension for WebGL target not found
Refreshing native plugins compatible for Editor in 0.33 ms, found 1 plugins.
Preloading 0 native plugins for Editor in 0.00 ms.
Invoked RoslynAnalysisRunner static constructor.
RoslynAnalysisRunner will not be running.
RoslynAnalysisRunner has terminated.
Mono: successfully reloaded assembly
- Completed reload, in  0.745 seconds
Platform modules already initialized, skipping
Refreshing native plugins compatible for Editor in 0.70 ms, found 1 plugins.
Preloading 0 native plugins for Editor in 0.00 ms.
Unloading 1809 Unused Serialized files (Serialized files now loaded: 0)
System memory in use before: 88.4 MB.
System memory in use after: 88.3 MB.

Unloading 12 unused Assets to reduce memory usage. Loaded Objects now: 2306.
Total: 1.779700 ms (FindLiveObjects: 0.157800 ms CreateObjectMapping: 0.053800 ms MarkObjects: 1.462500 ms  DeleteObjects: 0.104900 ms)

========================================================================
Received Prepare
Registering precompiled user dll's ...
Registered in 0.000994 seconds.
Begin MonoManager ReloadAssembly
Native extension for WindowsStandalone target not found
Native extension for WebGL target not found
Refreshing native plugins compatible for Editor in 0.33 ms, found 1 plugins.
Preloading 0 native plugins for Editor in 0.00 ms.
Invoked RoslynAnalysisRunner static constructor.
RoslynAnalysisRunner will not be running.
RoslynAnalysisRunner has terminated.
Mono: successfully reloaded assembly
- Completed reload, in  0.755 seconds
Platform modules already initialized, skipping
Refreshing native plugins compatible for Editor in 0.33 ms, found 1 plugins.
Preloading 0 native plugins for Editor in 0.00 ms.
Unloading 1809 Unused Serialized files (Serialized files now loaded: 0)
System memory in use before: 88.4 MB.
System memory in use after: 88.4 MB.

Unloading 12 unused Assets to reduce memory usage. Loaded Objects now: 2310.
Total: 1.917300 ms (FindLiveObjects: 0.184000 ms CreateObjectMapping: 0.103300 ms MarkObjects: 1.529500 ms  DeleteObjects: 0.099700 ms)

========================================================================
Received Prepare
Registering precompiled user dll's ...
Registered in 0.001439 seconds.
Begin MonoManager ReloadAssembly
Native extension for WindowsStandalone target not found
Native extension for WebGL target not found
Refreshing native plugins compatible for Editor in 0.33 ms, found 1 plugins.
Preloading 0 native plugins for Editor in 0.00 ms.
Invoked RoslynAnalysisRunner static constructor.
RoslynAnalysisRunner will not be running.
RoslynAnalysisRunner has terminated.
Mono: successfully reloaded assembly
- Completed reload, in  0.811 seconds
Platform modules already initialized, skipping
Refreshing native plugins compatible for Editor in 0.32 ms, found 1 plugins.
Preloading 0 native plugins for Editor in 0.00 ms.
Unloading 1809 Unused Serialized files (Serialized files now loaded: 0)
System memory in use before: 88.4 MB.
System memory in use after: 88.4 MB.

Unloading 12 unused Assets to reduce memory usage. Loaded Objects now: 2314.
Total: 2.041300 ms (FindLiveObjects: 0.200900 ms CreateObjectMapping: 0.124900 ms MarkObjects: 1.612500 ms  DeleteObjects: 0.101900 ms)

========================================================================
Received Prepare
Registering precompiled user dll's ...
Registered in 0.001030 seconds.
Begin MonoManager ReloadAssembly
Native extension for WindowsStandalone target not found
Native extension for WebGL target not found
Refreshing native plugins compatible for Editor in 0.47 ms, found 1 plugins.
Preloading 0 native plugins for Editor in 0.00 ms.
Invoked RoslynAnalysisRunner static constructor.
RoslynAnalysisRunner will not be running.
RoslynAnalysisRunner has terminated.
Mono: successfully reloaded assembly
- Completed reload, in  0.772 seconds
Platform modules already initialized, skipping
Refreshing native plugins compatible for Editor in 0.33 ms, found 1 plugins.
Preloading 0 native plugins for Editor in 0.00 ms.
Unloading 1809 Unused Serialized files (Serialized files now loaded: 0)
System memory in use before: 88.4 MB.
System memory in use after: 88.4 MB.

Unloading 12 unused Assets to reduce memory usage. Loaded Objects now: 2318.
Total: 1.779400 ms (FindLiveObjects: 0.206700 ms CreateObjectMapping: 0.103300 ms MarkObjects: 1.382400 ms  DeleteObjects: 0.086200 ms)

========================================================================
Received Prepare
Registering precompiled user dll's ...
Registered in 0.001186 seconds.
Begin MonoManager ReloadAssembly
Native extension for WindowsStandalone target not found
Native extension for WebGL target not found
Refreshing native plugins compatible for Editor in 0.36 ms, found 1 plugins.
Preloading 0 native plugins for Editor in 0.00 ms.
Invoked RoslynAnalysisRunner static constructor.
RoslynAnalysisRunner will not be running.
RoslynAnalysisRunner has terminated.
Mono: successfully reloaded assembly
- Completed reload, in  0.774 seconds
Platform modules already initialized, skipping
Refreshing native plugins compatible for Editor in 0.35 ms, found 1 plugins.
Preloading 0 native plugins for Editor in 0.00 ms.
Unloading 1809 Unused Serialized files (Serialized files now loaded: 0)
System memory in use before: 88.4 MB.
System memory in use after: 88.4 MB.

Unloading 12 unused Assets to reduce memory usage. Loaded Objects now: 2322.
Total: 2.435900 ms (FindLiveObjects: 0.413300 ms CreateObjectMapping: 0.155400 ms MarkObjects: 1.763700 ms  DeleteObjects: 0.102500 ms)

========================================================================
Received Prepare
Registering precompiled user dll's ...
Registered in 0.001326 seconds.
Begin MonoManager ReloadAssembly
Native extension for WindowsStandalone target not found
Native extension for WebGL target not found
Refreshing native plugins compatible for Editor in 0.40 ms, found 1 plugins.
Preloading 0 native plugins for Editor in 0.00 ms.
Invoked RoslynAnalysisRunner static constructor.
RoslynAnalysisRunner will not be running.
RoslynAnalysisRunner has terminated.
Mono: successfully reloaded assembly
- Completed reload, in  0.950 seconds
Platform modules already initialized, skipping
Refreshing native plugins compatible for Editor in 0.34 ms, found 1 plugins.
Preloading 0 native plugins for Editor in 0.00 ms.
Unloading 1809 Unused Serialized files (Serialized files now loaded: 0)
System memory in use before: 88.4 MB.
System memory in use after: 88.4 MB.

Unloading 12 unused Assets to reduce memory usage. Loaded Objects now: 2326.
Total: 1.950600 ms (FindLiveObjects: 0.158400 ms CreateObjectMapping: 0.055800 ms MarkObjects: 1.636300 ms  DeleteObjects: 0.099300 ms)

========================================================================
Received Prepare
Registering precompiled user dll's ...
Registered in 0.000923 seconds.
Begin MonoManager ReloadAssembly
Native extension for WindowsStandalone target not found
Native extension for WebGL target not found
Refreshing native plugins compatible for Editor in 0.34 ms, found 1 plugins.
Preloading 0 native plugins for Editor in 0.00 ms.
Invoked RoslynAnalysisRunner static constructor.
RoslynAnalysisRunner will not be running.
RoslynAnalysisRunner has terminated.
Mono: successfully reloaded assembly
- Completed reload, in  0.792 seconds
Platform modules already initialized, skipping
Refreshing native plugins compatible for Editor in 0.37 ms, found 1 plugins.
Preloading 0 native plugins for Editor in 0.00 ms.
Unloading 1809 Unused Serialized files (Serialized files now loaded: 0)
System memory in use before: 88.4 MB.
System memory in use after: 88.4 MB.

Unloading 12 unused Assets to reduce memory usage. Loaded Objects now: 2330.
Total: 2.132100 ms (FindLiveObjects: 0.239100 ms CreateObjectMapping: 0.151100 ms MarkObjects: 1.650400 ms  DeleteObjects: 0.090600 ms)

========================================================================
Received Prepare
Registering precompiled user dll's ...
Registered in 0.001534 seconds.
Begin MonoManager ReloadAssembly
Native extension for WindowsStandalone target not found
Native extension for WebGL target not found
Refreshing native plugins compatible for Editor in 0.45 ms, found 1 plugins.
Preloading 0 native plugins for Editor in 0.00 ms.
Invoked RoslynAnalysisRunner static constructor.
RoslynAnalysisRunner will not be running.
RoslynAnalysisRunner has terminated.
Mono: successfully reloaded assembly
- Completed reload, in  0.927 seconds
Platform modules already initialized, skipping
Refreshing native plugins compatible for Editor in 0.56 ms, found 1 plugins.
Preloading 0 native plugins for Editor in 0.00 ms.
Unloading 1809 Unused Serialized files (Serialized files now loaded: 0)
System memory in use before: 88.4 MB.
System memory in use after: 88.4 MB.

Unloading 12 unused Assets to reduce memory usage. Loaded Objects now: 2334.
Total: 2.427000 ms (FindLiveObjects: 0.364200 ms CreateObjectMapping: 0.163300 ms MarkObjects: 1.800900 ms  DeleteObjects: 0.097100 ms)

========================================================================
Received Prepare
Registering precompiled user dll's ...
Registered in 0.001149 seconds.
Begin MonoManager ReloadAssembly
Native extension for WindowsStandalone target not found
Native extension for WebGL target not found
Refreshing native plugins compatible for Editor in 0.33 ms, found 1 plugins.
Preloading 0 native plugins for Editor in 0.00 ms.
Invoked RoslynAnalysisRunner static constructor.
RoslynAnalysisRunner will not be running.
RoslynAnalysisRunner has terminated.
Mono: successfully reloaded assembly
- Completed reload, in  0.935 seconds
Platform modules already initialized, skipping
Refreshing native plugins compatible for Editor in 0.35 ms, found 1 plugins.
Preloading 0 native plugins for Editor in 0.00 ms.
Unloading 1809 Unused Serialized files (Serialized files now loaded: 0)
System memory in use before: 88.4 MB.
System memory in use after: 88.4 MB.

Unloading 12 unused Assets to reduce memory usage. Loaded Objects now: 2338.
Total: 2.031000 ms (FindLiveObjects: 0.170900 ms CreateObjectMapping: 0.056400 ms MarkObjects: 1.703500 ms  DeleteObjects: 0.099000 ms)

========================================================================
Received Prepare
Registering precompiled user dll's ...
Registered in 0.001051 seconds.
Begin MonoManager ReloadAssembly
Native extension for WindowsStandalone target not found
Native extension for WebGL target not found
Refreshing native plugins compatible for Editor in 0.54 ms, found 1 plugins.
Preloading 0 native plugins for Editor in 0.00 ms.
Invoked RoslynAnalysisRunner static constructor.
RoslynAnalysisRunner will not be running.
RoslynAnalysisRunner has terminated.
Mono: successfully reloaded assembly
- Completed reload, in  0.957 seconds
Platform modules already initialized, skipping
Refreshing native plugins compatible for Editor in 0.56 ms, found 1 plugins.
Preloading 0 native plugins for Editor in 0.00 ms.
Unloading 1809 Unused Serialized files (Serialized files now loaded: 0)
System memory in use before: 88.4 MB.
System memory in use after: 88.4 MB.

Unloading 12 unused Assets to reduce memory usage. Loaded Objects now: 2342.
Total: 3.268500 ms (FindLiveObjects: 0.252500 ms CreateObjectMapping: 0.148800 ms MarkObjects: 2.660100 ms  DeleteObjects: 0.205200 ms)

========================================================================
Received Prepare
Registering precompiled user dll's ...
Registered in 0.001288 seconds.
Begin MonoManager ReloadAssembly
Native extension for WindowsStandalone target not found
Native extension for WebGL target not found
Refreshing native plugins compatible for Editor in 0.46 ms, found 1 plugins.
Preloading 0 native plugins for Editor in 0.00 ms.
Invoked RoslynAnalysisRunner static constructor.
RoslynAnalysisRunner will not be running.
RoslynAnalysisRunner has terminated.
Mono: successfully reloaded assembly
- Completed reload, in  0.958 seconds
Platform modules already initialized, skipping
Refreshing native plugins compatible for Editor in 0.47 ms, found 1 plugins.
Preloading 0 native plugins for Editor in 0.00 ms.
Unloading 1809 Unused Serialized files (Serialized files now loaded: 0)
System memory in use before: 88.5 MB.
System memory in use after: 88.4 MB.

Unloading 12 unused Assets to reduce memory usage. Loaded Objects now: 2346.
Total: 2.524500 ms (FindLiveObjects: 0.316600 ms CreateObjectMapping: 0.207700 ms MarkObjects: 1.881800 ms  DeleteObjects: 0.116800 ms)

========================================================================
Received Import Request.
  Time since last request: 582.288358 seconds.
  path: Assets/Scenes/tutorial.unity
  artifactKey: Guid(8bf6d469438101044a30d28a592f8685) Importer(815301076,1909f56bfc062723c751e8b465ee728b)
Start importing Assets/Scenes/tutorial.unity using Guid(8bf6d469438101044a30d28a592f8685) Importer(815301076,1909f56bfc062723c751e8b465ee728b)  -> (artifact id: '9920752d40d3bc49d6c2671bb6b06acb') in 0.016070 seconds
  Import took 0.019964 seconds .

========================================================================
Received Prepare
Registering precompiled user dll's ...
Registered in 0.000939 seconds.
Begin MonoManager ReloadAssembly
Native extension for WindowsStandalone target not found
Native extension for WebGL target not found
Refreshing native plugins compatible for Editor in 0.38 ms, found 1 plugins.
Preloading 0 native plugins for Editor in 0.00 ms.
Invoked RoslynAnalysisRunner static constructor.
RoslynAnalysisRunner will not be running.
RoslynAnalysisRunner has terminated.
Mono: successfully reloaded assembly
- Completed reload, in  0.820 seconds
Platform modules already initialized, skipping
Refreshing native plugins compatible for Editor in 0.33 ms, found 1 plugins.
Preloading 0 native plugins for Editor in 0.00 ms.
Unloading 1809 Unused Serialized files (Serialized files now loaded: 0)
System memory in use before: 88.5 MB.
System memory in use after: 88.5 MB.

Unloading 12 unused Assets to reduce memory usage. Loaded Objects now: 2350.
Total: 1.867900 ms (FindLiveObjects: 0.159200 ms CreateObjectMapping: 0.053900 ms MarkObjects: 1.551700 ms  DeleteObjects: 0.102400 ms)

========================================================================
Received Import Request.
  Time since last request: 32.392102 seconds.
  path: Assets/Prefabs/Canvas.prefab
  artifactKey: Guid(bc2404a6fc7ca3747949bbcdba60b987) Importer(815301076,1909f56bfc062723c751e8b465ee728b)
Start importing Assets/Prefabs/Canvas.prefab using Guid(bc2404a6fc7ca3747949bbcdba60b987) Importer(815301076,1909f56bfc062723c751e8b465ee728b)  -> (artifact id: 'db9bb9e658af9f0f81d1d056944f25e4') in 0.031513 seconds
  Import took 0.035414 seconds .

========================================================================
Received Import Request.
  Time since last request: 3.983730 seconds.
  path: Assets/Prefabs/Canvas.prefab
  artifactKey: Guid(bc2404a6fc7ca3747949bbcdba60b987) Importer(815301076,1909f56bfc062723c751e8b465ee728b)
Start importing Assets/Prefabs/Canvas.prefab using Guid(bc2404a6fc7ca3747949bbcdba60b987) Importer(815301076,1909f56bfc062723c751e8b465ee728b)  -> (artifact id: '7cf9d53b6bc2f62ccff5792b55a940e8') in 0.006097 seconds
  Import took 0.009335 seconds .

========================================================================
Received Prepare
Registering precompiled user dll's ...
Registered in 0.001029 seconds.
Begin MonoManager ReloadAssembly
Native extension for WindowsStandalone target not found
Native extension for WebGL target not found
Refreshing native plugins compatible for Editor in 0.34 ms, found 1 plugins.
Preloading 0 native plugins for Editor in 0.00 ms.
Invoked RoslynAnalysisRunner static constructor.
RoslynAnalysisRunner will not be running.
RoslynAnalysisRunner has terminated.
Mono: successfully reloaded assembly
- Completed reload, in  0.752 seconds
Platform modules already initialized, skipping
Refreshing native plugins compatible for Editor in 0.33 ms, found 1 plugins.
Preloading 0 native plugins for Editor in 0.00 ms.
Unloading 1809 Unused Serialized files (Serialized files now loaded: 0)
System memory in use before: 88.5 MB.
System memory in use after: 88.5 MB.

Unloading 12 unused Assets to reduce memory usage. Loaded Objects now: 2354.
Total: 1.943400 ms (FindLiveObjects: 0.192200 ms CreateObjectMapping: 0.105100 ms MarkObjects: 1.550100 ms  DeleteObjects: 0.095300 ms)

========================================================================
Received Prepare
Registering precompiled user dll's ...
Registered in 0.001403 seconds.
Begin MonoManager ReloadAssembly
Native extension for WindowsStandalone target not found
Native extension for WebGL target not found
Refreshing native plugins compatible for Editor in 0.34 ms, found 1 plugins.
Preloading 0 native plugins for Editor in 0.00 ms.
Invoked RoslynAnalysisRunner static constructor.
RoslynAnalysisRunner will not be running.
RoslynAnalysisRunner has terminated.
Mono: successfully reloaded assembly
- Completed reload, in  0.957 seconds
Platform modules already initialized, skipping
Refreshing native plugins compatible for Editor in 0.39 ms, found 1 plugins.
Preloading 0 native plugins for Editor in 0.00 ms.
Unloading 1809 Unused Serialized files (Serialized files now loaded: 0)
System memory in use before: 88.5 MB.
System memory in use after: 88.5 MB.

Unloading 12 unused Assets to reduce memory usage. Loaded Objects now: 2358.
Total: 2.241900 ms (FindLiveObjects: 0.169300 ms CreateObjectMapping: 0.056100 ms MarkObjects: 1.918200 ms  DeleteObjects: 0.097300 ms)

========================================================================
Received Prepare
Registering precompiled user dll's ...
Registered in 0.001481 seconds.
Begin MonoManager ReloadAssembly
Native extension for WindowsStandalone target not found
Native extension for WebGL target not found
Refreshing native plugins compatible for Editor in 0.33 ms, found 1 plugins.
Preloading 0 native plugins for Editor in 0.00 ms.
Invoked RoslynAnalysisRunner static constructor.
RoslynAnalysisRunner will not be running.
RoslynAnalysisRunner has terminated.
Mono: successfully reloaded assembly
- Completed reload, in  0.783 seconds
Platform modules already initialized, skipping
Refreshing native plugins compatible for Editor in 0.35 ms, found 1 plugins.
Preloading 0 native plugins for Editor in 0.00 ms.
Unloading 1809 Unused Serialized files (Serialized files now loaded: 0)
System memory in use before: 88.5 MB.
System memory in use after: 88.5 MB.

Unloading 12 unused Assets to reduce memory usage. Loaded Objects now: 2362.
Total: 1.798500 ms (FindLiveObjects: 0.178500 ms CreateObjectMapping: 0.054600 ms MarkObjects: 1.461900 ms  DeleteObjects: 0.102400 ms)

========================================================================
Received Prepare
Registering precompiled user dll's ...
Registered in 0.000979 seconds.
Begin MonoManager ReloadAssembly
Native extension for WindowsStandalone target not found
Native extension for WebGL target not found
Refreshing native plugins compatible for Editor in 0.59 ms, found 1 plugins.
Preloading 0 native plugins for Editor in 0.00 ms.
Invoked RoslynAnalysisRunner static constructor.
RoslynAnalysisRunner will not be running.
RoslynAnalysisRunner has terminated.
Mono: successfully reloaded assembly
- Completed reload, in  0.855 seconds
Platform modules already initialized, skipping
Refreshing native plugins compatible for Editor in 0.38 ms, found 1 plugins.
Preloading 0 native plugins for Editor in 0.00 ms.
Unloading 1809 Unused Serialized files (Serialized files now loaded: 0)
System memory in use before: 88.5 MB.
System memory in use after: 88.5 MB.

Unloading 12 unused Assets to reduce memory usage. Loaded Objects now: 2366.
Total: 2.436100 ms (FindLiveObjects: 0.221600 ms CreateObjectMapping: 0.133500 ms MarkObjects: 1.968600 ms  DeleteObjects: 0.111400 ms)

========================================================================
Received Prepare
Registering precompiled user dll's ...
Registered in 0.000984 seconds.
Begin MonoManager ReloadAssembly
Native extension for WindowsStandalone target not found
Native extension for WebGL target not found
Refreshing native plugins compatible for Editor in 0.40 ms, found 1 plugins.
Preloading 0 native plugins for Editor in 0.00 ms.
Invoked RoslynAnalysisRunner static constructor.
RoslynAnalysisRunner will not be running.
RoslynAnalysisRunner has terminated.
Mono: successfully reloaded assembly
- Completed reload, in  0.799 seconds
Platform modules already initialized, skipping
Refreshing native plugins compatible for Editor in 0.71 ms, found 1 plugins.
Preloading 0 native plugins for Editor in 0.00 ms.
Unloading 1809 Unused Serialized files (Serialized files now loaded: 0)
System memory in use before: 88.5 MB.
System memory in use after: 88.5 MB.

Unloading 12 unused Assets to reduce memory usage. Loaded Objects now: 2370.
Total: 2.116200 ms (FindLiveObjects: 0.234500 ms CreateObjectMapping: 0.131400 ms MarkObjects: 1.634700 ms  DeleteObjects: 0.114100 ms)

========================================================================
Received Prepare
Registering precompiled user dll's ...
Registered in 0.000977 seconds.
Begin MonoManager ReloadAssembly
Native extension for WindowsStandalone target not found
Native extension for WebGL target not found
Refreshing native plugins compatible for Editor in 0.49 ms, found 1 plugins.
Preloading 0 native plugins for Editor in 0.00 ms.
Invoked RoslynAnalysisRunner static constructor.
RoslynAnalysisRunner will not be running.
RoslynAnalysisRunner has terminated.
Mono: successfully reloaded assembly
- Completed reload, in  0.858 seconds
Platform modules already initialized, skipping
Refreshing native plugins compatible for Editor in 0.57 ms, found 1 plugins.
Preloading 0 native plugins for Editor in 0.00 ms.
Unloading 1809 Unused Serialized files (Serialized files now loaded: 0)
System memory in use before: 88.5 MB.
System memory in use after: 88.5 MB.

Unloading 12 unused Assets to reduce memory usage. Loaded Objects now: 2374.
Total: 2.033900 ms (FindLiveObjects: 0.170400 ms CreateObjectMapping: 0.057300 ms MarkObjects: 1.663100 ms  DeleteObjects: 0.142200 ms)

========================================================================
Received Prepare
Registering precompiled user dll's ...
Registered in 0.001004 seconds.
Begin MonoManager ReloadAssembly
Native extension for WindowsStandalone target not found
Native extension for WebGL target not found
Refreshing native plugins compatible for Editor in 0.33 ms, found 1 plugins.
Preloading 0 native plugins for Editor in 0.00 ms.
Invoked RoslynAnalysisRunner static constructor.
RoslynAnalysisRunner will not be running.
RoslynAnalysisRunner has terminated.
Mono: successfully reloaded assembly
- Completed reload, in  0.819 seconds
Platform modules already initialized, skipping
Refreshing native plugins compatible for Editor in 0.28 ms, found 1 plugins.
Preloading 0 native plugins for Editor in 0.00 ms.
Unloading 1809 Unused Serialized files (Serialized files now loaded: 0)
System memory in use before: 88.5 MB.
System memory in use after: 88.5 MB.

Unloading 12 unused Assets to reduce memory usage. Loaded Objects now: 2378.
Total: 2.347200 ms (FindLiveObjects: 0.211700 ms CreateObjectMapping: 0.127500 ms MarkObjects: 1.892500 ms  DeleteObjects: 0.114000 ms)

========================================================================
Received Prepare
Registering precompiled user dll's ...
Registered in 0.001004 seconds.
Begin MonoManager ReloadAssembly
Native extension for WindowsStandalone target not found
Native extension for WebGL target not found
Refreshing native plugins compatible for Editor in 0.34 ms, found 1 plugins.
Preloading 0 native plugins for Editor in 0.00 ms.
Invoked RoslynAnalysisRunner static constructor.
RoslynAnalysisRunner will not be running.
RoslynAnalysisRunner has terminated.
Mono: successfully reloaded assembly
- Completed reload, in  0.788 seconds
Platform modules already initialized, skipping
Refreshing native plugins compatible for Editor in 0.29 ms, found 1 plugins.
Preloading 0 native plugins for Editor in 0.00 ms.
Unloading 1809 Unused Serialized files (Serialized files now loaded: 0)
System memory in use before: 88.5 MB.
System memory in use after: 88.5 MB.

Unloading 12 unused Assets to reduce memory usage. Loaded Objects now: 2382.
Total: 2.519700 ms (FindLiveObjects: 0.301100 ms CreateObjectMapping: 0.204900 ms MarkObjects: 1.896600 ms  DeleteObjects: 0.115100 ms)

========================================================================
Received Prepare
Registering precompiled user dll's ...
Registered in 0.001245 seconds.
Begin MonoManager ReloadAssembly
Native extension for WindowsStandalone target not found
Native extension for WebGL target not found
Refreshing native plugins compatible for Editor in 0.36 ms, found 1 plugins.
Preloading 0 native plugins for Editor in 0.00 ms.
Invoked RoslynAnalysisRunner static constructor.
RoslynAnalysisRunner will not be running.
RoslynAnalysisRunner has terminated.
Mono: successfully reloaded assembly
- Completed reload, in  0.845 seconds
Platform modules already initialized, skipping
Refreshing native plugins compatible for Editor in 0.33 ms, found 1 plugins.
Preloading 0 native plugins for Editor in 0.00 ms.
Unloading 1809 Unused Serialized files (Serialized files now loaded: 0)
System memory in use before: 88.5 MB.
System memory in use after: 88.5 MB.

Unloading 12 unused Assets to reduce memory usage. Loaded Objects now: 2386.
Total: 1.715800 ms (FindLiveObjects: 0.165500 ms CreateObjectMapping: 0.054600 ms MarkObjects: 1.399700 ms  DeleteObjects: 0.095100 ms)

========================================================================
Received Prepare
Registering precompiled user dll's ...
Registered in 0.001018 seconds.
Begin MonoManager ReloadAssembly
Native extension for WindowsStandalone target not found
Native extension for WebGL target not found
Refreshing native plugins compatible for Editor in 0.34 ms, found 1 plugins.
Preloading 0 native plugins for Editor in 0.00 ms.
Invoked RoslynAnalysisRunner static constructor.
RoslynAnalysisRunner will not be running.
RoslynAnalysisRunner has terminated.
Mono: successfully reloaded assembly
- Completed reload, in  0.808 seconds
Platform modules already initialized, skipping
Refreshing native plugins compatible for Editor in 0.29 ms, found 1 plugins.
Preloading 0 native plugins for Editor in 0.00 ms.
Unloading 1809 Unused Serialized files (Serialized files now loaded: 0)
System memory in use before: 88.5 MB.
System memory in use after: 88.5 MB.

Unloading 12 unused Assets to reduce memory usage. Loaded Objects now: 2390.
Total: 2.087400 ms (FindLiveObjects: 0.223100 ms CreateObjectMapping: 0.135900 ms MarkObjects: 1.634900 ms  DeleteObjects: 0.092500 ms)

========================================================================
Received Prepare
Registering precompiled user dll's ...
Registered in 0.001016 seconds.
Begin MonoManager ReloadAssembly
Native extension for WindowsStandalone target not found
Native extension for WebGL target not found
Refreshing native plugins compatible for Editor in 0.38 ms, found 1 plugins.
Preloading 0 native plugins for Editor in 0.00 ms.
Invoked RoslynAnalysisRunner static constructor.
RoslynAnalysisRunner will not be running.
RoslynAnalysisRunner has terminated.
Mono: successfully reloaded assembly
- Completed reload, in  0.938 seconds
Platform modules already initialized, skipping
Refreshing native plugins compatible for Editor in 0.42 ms, found 1 plugins.
Preloading 0 native plugins for Editor in 0.00 ms.
Unloading 1809 Unused Serialized files (Serialized files now loaded: 0)
System memory in use before: 88.6 MB.
System memory in use after: 88.5 MB.

Unloading 12 unused Assets to reduce memory usage. Loaded Objects now: 2394.
Total: 3.134600 ms (FindLiveObjects: 0.255100 ms CreateObjectMapping: 0.179000 ms MarkObjects: 2.525400 ms  DeleteObjects: 0.173100 ms)

========================================================================
Received Import Request.
  Time since last request: 387.136287 seconds.
  path: Assets/Scripties/Ball.cs
  artifactKey: Guid(4f516e2381bb0504eb606d23a129f395) Importer(815301076,1909f56bfc062723c751e8b465ee728b)
Start importing Assets/Scripties/Ball.cs using Guid(4f516e2381bb0504eb606d23a129f395) Importer(815301076,1909f56bfc062723c751e8b465ee728b)  -> (artifact id: '9112853d72285268d139023d7b1ffd91') in 0.006997 seconds
  Import took 0.010701 seconds .

========================================================================
Received Import Request.
  Time since last request: 0.020267 seconds.
  path: Assets/Scripties/Ball.cs
  artifactKey: Guid(4f516e2381bb0504eb606d23a129f395) Importer(815301076,1909f56bfc062723c751e8b465ee728b)
Start importing Assets/Scripties/Ball.cs using Guid(4f516e2381bb0504eb606d23a129f395) Importer(815301076,1909f56bfc062723c751e8b465ee728b)  -> (artifact id: '9112853d72285268d139023d7b1ffd91') in 0.003842 seconds
  Import took 0.007379 seconds .

========================================================================
Received Import Request.
  Time since last request: 4.988788 seconds.
  path: Assets/Scripties/BallTrackScript.cs
  artifactKey: Guid(6224c92186de46a4a920cbf5e09f2dcf) Importer(815301076,1909f56bfc062723c751e8b465ee728b)
Start importing Assets/Scripties/BallTrackScript.cs using Guid(6224c92186de46a4a920cbf5e09f2dcf) Importer(815301076,1909f56bfc062723c751e8b465ee728b)  -> (artifact id: '1779446a2801a269c94e1bb35cee1aa8') in 0.002982 seconds
  Import took 0.006054 seconds .

========================================================================
Received Import Request.
  Time since last request: 0.646850 seconds.
  path: Assets/Scripties/BreakBrickCollider.cs
  artifactKey: Guid(6409a9c41f51da54cb63b401a26c9aa0) Importer(815301076,1909f56bfc062723c751e8b465ee728b)
Start importing Assets/Scripties/BreakBrickCollider.cs using Guid(6409a9c41f51da54cb63b401a26c9aa0) Importer(815301076,1909f56bfc062723c751e8b465ee728b)  -> (artifact id: 'a32a6bd939ea432d130819fbc00cc990') in 0.003253 seconds
  Import took 0.006504 seconds .

========================================================================
Received Import Request.
  Time since last request: 0.000494 seconds.
  path: Assets/Scripties/BreakBrickCollider.cs
  artifactKey: Guid(6409a9c41f51da54cb63b401a26c9aa0) Importer(815301076,1909f56bfc062723c751e8b465ee728b)
Start importing Assets/Scripties/BreakBrickCollider.cs using Guid(6409a9c41f51da54cb63b401a26c9aa0) Importer(815301076,1909f56bfc062723c751e8b465ee728b)  -> (artifact id: 'a32a6bd939ea432d130819fbc00cc990') in 0.003537 seconds
  Import took 0.006467 seconds .

========================================================================
Received Prepare
Registering precompiled user dll's ...
Registered in 0.001096 seconds.
Begin MonoManager ReloadAssembly
Native extension for WindowsStandalone target not found
Native extension for WebGL target not found
Refreshing native plugins compatible for Editor in 0.35 ms, found 1 plugins.
Preloading 0 native plugins for Editor in 0.00 ms.
Invoked RoslynAnalysisRunner static constructor.
RoslynAnalysisRunner will not be running.
RoslynAnalysisRunner has terminated.
Mono: successfully reloaded assembly
- Completed reload, in  0.780 seconds
Platform modules already initialized, skipping
Refreshing native plugins compatible for Editor in 0.38 ms, found 1 plugins.
Preloading 0 native plugins for Editor in 0.00 ms.
Unloading 1809 Unused Serialized files (Serialized files now loaded: 0)
System memory in use before: 88.6 MB.
System memory in use after: 88.6 MB.

Unloading 12 unused Assets to reduce memory usage. Loaded Objects now: 2398.
Total: 2.096800 ms (FindLiveObjects: 0.234700 ms CreateObjectMapping: 0.133000 ms MarkObjects: 1.627200 ms  DeleteObjects: 0.100700 ms)

========================================================================
Received Import Request.
  Time since last request: 15.235318 seconds.
  path: Assets/Scripties/MouseMove.cs
  artifactKey: Guid(d56983a6b4b4cf540bc5e11755043d1d) Importer(815301076,1909f56bfc062723c751e8b465ee728b)
Start importing Assets/Scripties/MouseMove.cs using Guid(d56983a6b4b4cf540bc5e11755043d1d) Importer(815301076,1909f56bfc062723c751e8b465ee728b)  -> (artifact id: 'd761d256ea4dda89e0c51bef5820b973') in 0.006226 seconds
  Import took 0.009684 seconds .

========================================================================
Received Import Request.
  Time since last request: 20.989999 seconds.
  path: Assets/Scripties/MouseMove.cs
  artifactKey: Guid(d56983a6b4b4cf540bc5e11755043d1d) Importer(815301076,1909f56bfc062723c751e8b465ee728b)
Start importing Assets/Scripties/MouseMove.cs using Guid(d56983a6b4b4cf540bc5e11755043d1d) Importer(815301076,1909f56bfc062723c751e8b465ee728b)  -> (artifact id: 'b633746ce9602b1e7a93b872b2227d89') in 0.004037 seconds
  Import took 0.007946 seconds .

========================================================================
Received Import Request.
  Time since last request: 0.000560 seconds.
  path: Assets/Scripties/MouseMove.cs
  artifactKey: Guid(d56983a6b4b4cf540bc5e11755043d1d) Importer(815301076,1909f56bfc062723c751e8b465ee728b)
Start importing Assets/Scripties/MouseMove.cs using Guid(d56983a6b4b4cf540bc5e11755043d1d) Importer(815301076,1909f56bfc062723c751e8b465ee728b)  -> (artifact id: 'b633746ce9602b1e7a93b872b2227d89') in 0.004252 seconds
  Import took 0.007667 seconds .

========================================================================
Received Import Request.
  Time since last request: 11.279778 seconds.
  path: Assets/Scripties/MouseMove.cs
  artifactKey: Guid(d56983a6b4b4cf540bc5e11755043d1d) Importer(815301076,1909f56bfc062723c751e8b465ee728b)
Start importing Assets/Scripties/MouseMove.cs using Guid(d56983a6b4b4cf540bc5e11755043d1d) Importer(815301076,1909f56bfc062723c751e8b465ee728b)  -> (artifact id: 'f5dff34e094f62da25925354f0c49630') in 0.003879 seconds
  Import took 0.007189 seconds .

========================================================================
Received Import Request.
  Time since last request: 0.001003 seconds.
  path: Assets/Scripties/MouseMove.cs
  artifactKey: Guid(d56983a6b4b4cf540bc5e11755043d1d) Importer(815301076,1909f56bfc062723c751e8b465ee728b)
Start importing Assets/Scripties/MouseMove.cs using Guid(d56983a6b4b4cf540bc5e11755043d1d) Importer(815301076,1909f56bfc062723c751e8b465ee728b)  -> (artifact id: 'f5dff34e094f62da25925354f0c49630') in 0.003482 seconds
  Import took 0.006503 seconds .

========================================================================
Received Prepare
Registering precompiled user dll's ...
Registered in 0.001327 seconds.
Begin MonoManager ReloadAssembly
Native extension for WindowsStandalone target not found
Native extension for WebGL target not found
Refreshing native plugins compatible for Editor in 0.35 ms, found 1 plugins.
Preloading 0 native plugins for Editor in 0.00 ms.
Invoked RoslynAnalysisRunner static constructor.
RoslynAnalysisRunner will not be running.
RoslynAnalysisRunner has terminated.
Mono: successfully reloaded assembly
- Completed reload, in  0.740 seconds
Platform modules already initialized, skipping
Refreshing native plugins compatible for Editor in 0.35 ms, found 1 plugins.
Preloading 0 native plugins for Editor in 0.00 ms.
Unloading 1809 Unused Serialized files (Serialized files now loaded: 0)
System memory in use before: 88.6 MB.
System memory in use after: 88.6 MB.

Unloading 12 unused Assets to reduce memory usage. Loaded Objects now: 2402.
Total: 2.088700 ms (FindLiveObjects: 0.201400 ms CreateObjectMapping: 0.118500 ms MarkObjects: 1.676700 ms  DeleteObjects: 0.091100 ms)

========================================================================
Received Import Request.
  Time since last request: 24.196658 seconds.
  path: Assets/Scripties/SceneLoader.cs
  artifactKey: Guid(0983edb9853a02649b5e42ad3a168076) Importer(815301076,1909f56bfc062723c751e8b465ee728b)
Start importing Assets/Scripties/SceneLoader.cs using Guid(0983edb9853a02649b5e42ad3a168076) Importer(815301076,1909f56bfc062723c751e8b465ee728b)  -> (artifact id: 'c562d0174e0338ec3f23c2366de9f57d') in 0.023656 seconds
  Import took 0.028582 seconds .

========================================================================
Received Import Request.
  Time since last request: 3.099728 seconds.
  path: Assets/Scripties/StatusScript.cs
  artifactKey: Guid(bb5adb84b803a1a428a364650ae2a0d8) Importer(815301076,1909f56bfc062723c751e8b465ee728b)
Start importing Assets/Scripties/StatusScript.cs using Guid(bb5adb84b803a1a428a364650ae2a0d8) Importer(815301076,1909f56bfc062723c751e8b465ee728b)  -> (artifact id: '15ed6b3b11cb6df60b5e1e4a7a2351a4') in 0.903759 seconds
  Import took 0.907530 seconds .

AssetImportWorkerClient::OnTransportError - code=2 error=End of file
